[2026-07-15 12:13:53] === mt_pages_publish 启动 ===
HTML → /tmp/mt_pages_out.html
MD   → /tmp/mt_pages_out.md
[2026-07-15 12:14:20] 已推送 2026-07-15 12:14 → Pages 将刷新
[2026-07-15 12:15:17] === mt_pages_publish 启动 ===
HTML → /tmp/mt_pages_out.html
MD   → /tmp/mt_pages_out.md
[2026-07-15 12:15:45] 已推送 2026-07-15 12:15 → Pages 将刷新
[2026-07-15 14:30:01] === mt_pages_publish 启动 ===
HTML → /tmp/mt_pages_out.html
MD   → /tmp/mt_pages_out.md
[2026-07-15 14:30:28] 已推送 2026-07-15 14:30 → Pages 将刷新
[2026-07-16 10:30:01] === mt_pages_publish 启动 ===
HTML → /tmp/mt_pages_out.html
MD   → /tmp/mt_pages_out.md
[2026-07-16 10:30:27] 已推送 2026-07-16 10:30 → Pages 将刷新
[2026-07-16 14:30:01] === mt_pages_publish 启动 ===
HTML → /tmp/mt_pages_out.html
MD   → /tmp/mt_pages_out.md
[2026-07-16 14:30:28] 已推送 2026-07-16 14:30 → Pages 将刷新
[2026-07-16 15:15:36] === mt_pages_publish 启动 ===
HTML → /tmp/mt_pages_out.html
MD   → /tmp/mt_pages_out.md
[2026-07-16 15:16:10] 已推送 2026-07-16 15:16 → Pages 将刷新
[2026-07-16 15:36:16] === mt_pages_publish 启动 ===
HTML → /tmp/mt_pages_out.html
MD   → /tmp/mt_pages_out.md
[2026-07-16 15:36:53] 已推送 2026-07-16 15:36 → Pages 将刷新
[2026-07-16 16:04:34] === mt_pages_publish 启动 ===
HTML → /tmp/mt_pages_out.html
MD   → /tmp/mt_pages_out.md
[2026-07-16 16:04:58] 已推送 2026-07-16 16:04 → Pages 将刷新
[2026-07-16 16:55:04] === mt_pages_publish 启动 ===
HTML → /tmp/mt_pages_out.html
MD   → /tmp/mt_pages_out.md
[2026-07-16 16:55:27] 已推送 2026-07-16 16:55 → Pages 将刷新
[2026-07-17 09:40:01] === mt_pages_publish 启动 ===
HTML → /tmp/mt_pages_out.html
MD   → /tmp/mt_pages_out.md
[2026-07-17 09:40:25] 已推送 2026-07-17 09:40 → Pages 将刷新
[2026-07-17 10:00:01] === mt_pages_publish 启动 ===
HTML → /tmp/mt_pages_out.html
MD   → /tmp/mt_pages_out.md
fatal: unable to access 'https://github.com/lvgangfeng/mt-dashboard.git/': Recv failure: Operation timed out
[2026-07-17 10:01:35] push 失败(检查 gh/git 认证)
[2026-07-17 10:30:00] === mt_pages_publish 启动 ===
HTML → /tmp/mt_pages_out.html
MD   → /tmp/mt_pages_out.md
fatal: unable to access 'https://github.com/lvgangfeng/mt-dashboard.git/': Error in the HTTP2 framing layer
[2026-07-17 10:31:49] push 失败(检查 gh/git 认证)
[2026-07-17 11:31:00] === mt_pages_publish 启动 ===
HTML → /tmp/mt_pages_out.html
MD   → /tmp/mt_pages_out.md
fatal: unable to access 'https://github.com/lvgangfeng/mt-dashboard.git/': Recv failure: Operation timed out
[2026-07-17 11:32:31] push 失败(检查 gh/git 认证)
[2026-07-17 13:30:00] === mt_pages_publish 启动 ===
HTML → /tmp/mt_pages_out.html
MD   → /tmp/mt_pages_out.md
[2026-07-17 13:30:20] 已推送 2026-07-17 13:30 → Pages 将刷新
[2026-07-17 14:30:01] === mt_pages_publish 启动 ===
HTML → /tmp/mt_pages_out.html
MD   → /tmp/mt_pages_out.md
[2026-07-17 14:30:23] 已推送 2026-07-17 14:30 → Pages 将刷新
[2026-07-17 15:01:01] === mt_pages_publish 启动 ===
HTML → /tmp/mt_pages_out.html
MD   → /tmp/mt_pages_out.md
error: RPC failed; curl 28 Failed to connect to github.com port 443 after 75004 ms: Couldn't connect to server
send-pack: unexpected disconnect while reading sideband packet
fatal: the remote end hung up unexpectedly
[2026-07-17 15:03:40] push 失败(检查 gh/git 认证)
[2026-07-18 09:40:04] === mt_pages_publish 启动 ===
[2026-07-18 09:40:04] 非交易日/无当日数据，跳过
[2026-07-18 10:00:02] === mt_pages_publish 启动 ===
[2026-07-18 10:00:02] 非交易日/无当日数据，跳过
[2026-07-18 10:30:02] === mt_pages_publish 启动 ===
[2026-07-18 10:30:02] 非交易日/无当日数据，跳过
[2026-07-18 11:31:03] === mt_pages_publish 启动 ===
[2026-07-18 11:31:03] 非交易日/无当日数据，跳过
[2026-07-18 13:30:00] === mt_pages_publish 启动 ===
[2026-07-18 13:30:00] 非交易日/无当日数据，跳过
[2026-07-18 15:01:00] === mt_pages_publish 启动 ===
[2026-07-18 15:01:00] 非交易日/无当日数据，跳过
[2026-07-19 09:40:00] === mt_pages_publish 启动 ===
[2026-07-19 09:40:01] 非交易日/无当日数据，跳过
[2026-07-19 10:00:01] === mt_pages_publish 启动 ===
[2026-07-19 10:00:02] 非交易日/无当日数据，跳过
[2026-07-19 10:30:00] === mt_pages_publish 启动 ===
[2026-07-19 10:30:01] 非交易日/无当日数据，跳过
[2026-07-19 11:31:00] === mt_pages_publish 启动 ===
[2026-07-19 11:31:01] 非交易日/无当日数据，跳过
[2026-07-19 13:30:00] === mt_pages_publish 启动 ===
[2026-07-19 13:30:01] 非交易日/无当日数据，跳过
[2026-07-19 14:30:01] === mt_pages_publish 启动 ===
[2026-07-19 14:30:02] 非交易日/无当日数据，跳过
[2026-07-19 15:01:01] === mt_pages_publish 启动 ===
[2026-07-19 15:01:02] 非交易日/无当日数据，跳过
[2026-07-20 09:40:03] === mt_pages_publish 启动 ===
HTML → /tmp/mt_pages_out.html
MD   → /tmp/mt_pages_out.md
[2026-07-20 09:42:14] 已推送 2026-07-20 09:42 → Pages 将刷新
[2026-07-20 10:00:01] === mt_pages_publish 启动 ===
HTML → /tmp/mt_pages_out.html
MD   → /tmp/mt_pages_out.md
[2026-07-20 10:02:07] 已推送 2026-07-20 10:02 → Pages 将刷新
[2026-07-20 10:30:04] === mt_pages_publish 启动 ===
HTML → /tmp/mt_pages_out.html
MD   → /tmp/mt_pages_out.md
[2026-07-20 10:32:20] 已推送 2026-07-20 10:32 → Pages 将刷新
[2026-07-20 11:31:00] === mt_pages_publish 启动 ===
HTML → /tmp/mt_pages_out.html
MD   → /tmp/mt_pages_out.md
[2026-07-20 11:33:49] 已推送 2026-07-20 11:33 → Pages 将刷新
[2026-07-20 13:30:00] === mt_pages_publish 启动 ===
HTML → /tmp/mt_pages_out.html
MD   → /tmp/mt_pages_out.md
[2026-07-20 13:33:02] 已推送 2026-07-20 13:32 → Pages 将刷新
[2026-07-20 14:30:02] === mt_pages_publish 启动 ===
HTML → /tmp/mt_pages_out.html
MD   → /tmp/mt_pages_out.md
[2026-07-20 14:33:24] 已推送 2026-07-20 14:33 → Pages 将刷新
[2026-07-20 15:01:01] === mt_pages_publish 启动 ===
HTML → /tmp/mt_pages_out.html
MD   → /tmp/mt_pages_out.md
[2026-07-20 15:04:16] 已推送 2026-07-20 15:04 → Pages 将刷新
[2026-07-21 09:40:00] === mt_pages_publish 启动 ===
HTML → /tmp/mt_pages_out.html
MD   → /tmp/mt_pages_out.md
[2026-07-21 09:41:59] 已推送 2026-07-21 09:41 → Pages 将刷新
[2026-07-21 10:00:01] === mt_pages_publish 启动 ===
HTML → /tmp/mt_pages_out.html
MD   → /tmp/mt_pages_out.md
[2026-07-21 10:02:04] 已推送 2026-07-21 10:02 → Pages 将刷新
[2026-07-21 10:30:04] === mt_pages_publish 启动 ===
HTML → /tmp/mt_pages_out.html
MD   → /tmp/mt_pages_out.md
[2026-07-21 10:32:05] 已推送 2026-07-21 10:32 → Pages 将刷新
[2026-07-21 11:31:04] === mt_pages_publish 启动 ===
HTML → /tmp/mt_pages_out.html
MD   → /tmp/mt_pages_out.md
[2026-07-21 11:33:06] 已推送 2026-07-21 11:33 → Pages 将刷新
[2026-07-21 13:30:00] === mt_pages_publish 启动 ===
HTML → /tmp/mt_pages_out.html
MD   → /tmp/mt_pages_out.md
[2026-07-21 13:32:58] 已推送 2026-07-21 13:32 → Pages 将刷新
[2026-07-21 14:30:00] === mt_pages_publish 启动 ===
HTML → /tmp/mt_pages_out.html
MD   → /tmp/mt_pages_out.md
[2026-07-21 14:33:09] 已推送 2026-07-21 14:33 → Pages 将刷新
[2026-07-21 15:01:00] === mt_pages_publish 启动 ===
HTML → /tmp/mt_pages_out.html
MD   → /tmp/mt_pages_out.md
[2026-07-21 15:04:07] 已推送 2026-07-21 15:04 → Pages 将刷新
[2026-07-22 09:40:00] === mt_pages_publish 启动 ===
HTML → /tmp/mt_pages_out.html
MD   → /tmp/mt_pages_out.md
[2026-07-22 09:42:17] 已推送 2026-07-22 09:42 → Pages 将刷新
[2026-07-22 10:00:04] === mt_pages_publish 启动 ===
HTML → /tmp/mt_pages_out.html
MD   → /tmp/mt_pages_out.md
[2026-07-22 10:02:19] 已推送 2026-07-22 10:02 → Pages 将刷新
[2026-07-22 10:30:01] === mt_pages_publish 启动 ===
HTML → /tmp/mt_pages_out.html
MD   → /tmp/mt_pages_out.md
[2026-07-22 10:32:17] 已推送 2026-07-22 10:32 → Pages 将刷新
[2026-07-22 11:31:01] === mt_pages_publish 启动 ===
HTML → /tmp/mt_pages_out.html
MD   → /tmp/mt_pages_out.md
[2026-07-22 11:33:11] 已推送 2026-07-22 11:33 → Pages 将刷新
[2026-07-22 13:30:00] === mt_pages_publish 启动 ===
HTML → /tmp/mt_pages_out.html
MD   → /tmp/mt_pages_out.md
[2026-07-22 13:33:46] 已推送 2026-07-22 13:33 → Pages 将刷新
[2026-07-22 14:30:02] === mt_pages_publish 启动 ===
HTML → /tmp/mt_pages_out.html
MD   → /tmp/mt_pages_out.md
[2026-07-22 14:33:06] 已推送 2026-07-22 14:33 → Pages 将刷新
[2026-07-22 15:01:02] === mt_pages_publish 启动 ===
HTML → /tmp/mt_pages_out.html
MD   → /tmp/mt_pages_out.md
[2026-07-22 15:04:30] 已推送 2026-07-22 15:04 → Pages 将刷新
[2026-07-23 09:40:00] === mt_pages_publish 启动 ===
HTML → /tmp/mt_pages_out.html
MD   → /tmp/mt_pages_out.md
[2026-07-23 09:42:06] 已推送 2026-07-23 09:42 → Pages 将刷新
[2026-07-23 10:00:01] === mt_pages_publish 启动 ===
HTML → /tmp/mt_pages_out.html
MD   → /tmp/mt_pages_out.md
fatal: unable to access 'https://github.com/lvgangfeng/mt-dashboard.git/': Recv failure: Operation timed out
[2026-07-23 10:05:01] push 失败(检查 gh/git 认证)
[2026-07-23 10:30:00] === mt_pages_publish 启动 ===
HTML → /tmp/mt_pages_out.html
MD   → /tmp/mt_pages_out.md
fatal: unable to access 'https://github.com/lvgangfeng/mt-dashboard.git/': Recv failure: Operation timed out
[2026-07-23 10:33:12] push 失败(检查 gh/git 认证)
[2026-07-23 11:31:02] === mt_pages_publish 启动 ===
HTML → /tmp/mt_pages_out.html
MD   → /tmp/mt_pages_out.md
